<?xml version="1.0" encoding="UTF-8"?>
<testng-results ignored="0" total="1" passed="1" failed="0" skipped="0">
  <reporter-output>
  </reporter-output>
  <suite started-at="2020-11-13T02:55:16Z" name="Default suite" finished-at="2020-11-13T02:55:23Z" duration-ms="6391">
    <groups>
    </groups>
    <test started-at="2020-11-13T02:55:16Z" name="Default test" finished-at="2020-11-13T02:55:23Z" duration-ms="6391">
      <class name="test.ValidatDropDownTest">
        <test-method signature="UserShouldBeAbelToValidatDropDownField()[pri:0, instance:test.ValidatDropDownTest@51c693d]" started-at="2020-11-13T02:55:16Z" name="UserShouldBeAbelToValidatDropDownField" finished-at="2020-11-13T02:55:23Z" duration-ms="6370" status="PASS">
          <reporter-output>
          </reporter-output>
        </test-method> <!-- UserShouldBeAbelToValidatDropDownField -->
      </class> <!-- test.ValidatDropDownTest -->
    </test> <!-- Default test -->
  </suite> <!-- Default suite -->
</testng-results>
